[23-Oct-2025 04:15:18 Europe/Berlin] PHP Warning:  Undefined variable $conn in C:\xampp\htdocs\mapotek_php\WEB\API\auth\obat.php on line 39
[23-Oct-2025 04:15:18 Europe/Berlin] PHP Fatal error:  Uncaught Error: Call to a member function query() on null in C:\xampp\htdocs\mapotek_php\WEB\API\auth\obat.php:39
Stack trace:
#0 {main}
  thrown in C:\xampp\htdocs\mapotek_php\WEB\API\auth\obat.php on line 39
[23-Oct-2025 04:15:31 Europe/Berlin] PHP Warning:  Undefined variable $conn in C:\xampp\htdocs\mapotek_php\WEB\API\auth\obat.php on line 39
[23-Oct-2025 04:15:31 Europe/Berlin] PHP Fatal error:  Uncaught Error: Call to a member function query() on null in C:\xampp\htdocs\mapotek_php\WEB\API\auth\obat.php:39
Stack trace:
#0 {main}
  thrown in C:\xampp\htdocs\mapotek_php\WEB\API\auth\obat.php on line 39
[23-Oct-2025 04:16:22 Europe/Berlin] PHP Warning:  Undefined variable $conn in C:\xampp\htdocs\mapotek_php\WEB\API\auth\obat.php on line 39
[23-Oct-2025 04:16:22 Europe/Berlin] PHP Fatal error:  Uncaught Error: Call to a member function query() on null in C:\xampp\htdocs\mapotek_php\WEB\API\auth\obat.php:39
Stack trace:
#0 {main}
  thrown in C:\xampp\htdocs\mapotek_php\WEB\API\auth\obat.php on line 39
[23-Oct-2025 04:16:28 Europe/Berlin] PHP Warning:  Undefined variable $conn in C:\xampp\htdocs\mapotek_php\WEB\API\auth\obat.php on line 39
[23-Oct-2025 04:16:28 Europe/Berlin] PHP Fatal error:  Uncaught Error: Call to a member function query() on null in C:\xampp\htdocs\mapotek_php\WEB\API\auth\obat.php:39
Stack trace:
#0 {main}
  thrown in C:\xampp\htdocs\mapotek_php\WEB\API\auth\obat.php on line 39
[23-Oct-2025 04:17:19 Europe/Berlin] PHP Warning:  Undefined variable $conn in C:\xampp\htdocs\mapotek_php\WEB\API\auth\obat.php on line 39
[23-Oct-2025 04:17:19 Europe/Berlin] PHP Fatal error:  Uncaught Error: Call to a member function query() on null in C:\xampp\htdocs\mapotek_php\WEB\API\auth\obat.php:39
Stack trace:
#0 {main}
  thrown in C:\xampp\htdocs\mapotek_php\WEB\API\auth\obat.php on line 39
[23-Oct-2025 04:19:23 Europe/Berlin] PHP Warning:  Undefined variable $conn in C:\xampp\htdocs\mapotek_php\WEB\API\auth\obat.php on line 39
[23-Oct-2025 04:19:23 Europe/Berlin] PHP Fatal error:  Uncaught Error: Call to a member function query() on null in C:\xampp\htdocs\mapotek_php\WEB\API\auth\obat.php:39
Stack trace:
#0 {main}
  thrown in C:\xampp\htdocs\mapotek_php\WEB\API\auth\obat.php on line 39
[23-Oct-2025 04:21:12 Europe/Berlin] PHP Warning:  Undefined variable $conn in C:\xampp\htdocs\mapotek_php\WEB\API\auth\obat.php on line 39
[23-Oct-2025 04:21:12 Europe/Berlin] PHP Fatal error:  Uncaught Error: Call to a member function query() on null in C:\xampp\htdocs\mapotek_php\WEB\API\auth\obat.php:39
Stack trace:
#0 {main}
  thrown in C:\xampp\htdocs\mapotek_php\WEB\API\auth\obat.php on line 39
[23-Oct-2025 04:22:05 Europe/Berlin] PHP Warning:  Undefined variable $conn in C:\xampp\htdocs\mapotek_php\WEB\API\auth\obat.php on line 39
[23-Oct-2025 04:22:05 Europe/Berlin] PHP Fatal error:  Uncaught Error: Call to a member function query() on null in C:\xampp\htdocs\mapotek_php\WEB\API\auth\obat.php:39
Stack trace:
#0 {main}
  thrown in C:\xampp\htdocs\mapotek_php\WEB\API\auth\obat.php on line 39
[23-Oct-2025 04:24:55 Europe/Berlin] PHP Warning:  Undefined variable $conn in C:\xampp\htdocs\mapotek_php\WEB\API\auth\obat.php on line 39
[23-Oct-2025 04:24:55 Europe/Berlin] PHP Fatal error:  Uncaught Error: Call to a member function query() on null in C:\xampp\htdocs\mapotek_php\WEB\API\auth\obat.php:39
Stack trace:
#0 {main}
  thrown in C:\xampp\htdocs\mapotek_php\WEB\API\auth\obat.php on line 39
[23-Oct-2025 06:08:22 Europe/Berlin] PHP Warning:  Undefined variable $conn in C:\xampp\htdocs\mapotek_php\WEB\API\auth\obat.php on line 39
[23-Oct-2025 06:08:22 Europe/Berlin] PHP Fatal error:  Uncaught Error: Call to a member function query() on null in C:\xampp\htdocs\mapotek_php\WEB\API\auth\obat.php:39
Stack trace:
#0 {main}
  thrown in C:\xampp\htdocs\mapotek_php\WEB\API\auth\obat.php on line 39
[23-Oct-2025 08:00:12 Europe/Berlin] PHP Warning:  Undefined variable $conn in C:\xampp\htdocs\mapotek_php\WEB\API\auth\obat.php on line 39
[23-Oct-2025 08:00:12 Europe/Berlin] PHP Fatal error:  Uncaught Error: Call to a member function query() on null in C:\xampp\htdocs\mapotek_php\WEB\API\auth\obat.php:39
Stack trace:
#0 {main}
  thrown in C:\xampp\htdocs\mapotek_php\WEB\API\auth\obat.php on line 39
[23-Oct-2025 08:04:49 Europe/Berlin] PHP Warning:  Undefined variable $conn in C:\xampp\htdocs\mapotek_php\WEB\API\auth\obat.php on line 40
[23-Oct-2025 08:04:49 Europe/Berlin] PHP Fatal error:  Uncaught Error: Call to a member function query() on null in C:\xampp\htdocs\mapotek_php\WEB\API\auth\obat.php:40
Stack trace:
#0 {main}
  thrown in C:\xampp\htdocs\mapotek_php\WEB\API\auth\obat.php on line 40
[23-Oct-2025 08:11:21 Europe/Berlin] PHP Warning:  Undefined variable $conn in C:\xampp\htdocs\mapotek_php\WEB\API\auth\obat.php on line 40
[23-Oct-2025 08:11:21 Europe/Berlin] PHP Fatal error:  Uncaught Error: Call to a member function query() on null in C:\xampp\htdocs\mapotek_php\WEB\API\auth\obat.php:40
Stack trace:
#0 {main}
  thrown in C:\xampp\htdocs\mapotek_php\WEB\API\auth\obat.php on line 40
[23-Oct-2025 08:14:38 Europe/Berlin] PHP Warning:  Undefined variable $conn in C:\xampp\htdocs\mapotek_php\WEB\API\auth\obat.php on line 40
[23-Oct-2025 08:14:38 Europe/Berlin] PHP Fatal error:  Uncaught Error: Call to a member function query() on null in C:\xampp\htdocs\mapotek_php\WEB\API\auth\obat.php:40
Stack trace:
#0 {main}
  thrown in C:\xampp\htdocs\mapotek_php\WEB\API\auth\obat.php on line 40
[23-Oct-2025 09:08:17 Europe/Berlin] Error in obat.php: Include file not found: C:\xampp\htdocs\mapotek_php\WEB\API\auth/../../database.php
[23-Oct-2025 09:09:07 Europe/Berlin] Error in obat.php: Include file not found: C:\xampp\htdocs\mapotek_php\WEB\API\auth/../../database.php
[23-Oct-2025 09:09:20 Europe/Berlin] Error in obat.php: Include file not found: C:\xampp\htdocs\mapotek_php\WEB\API\auth/../../database.php
[23-Oct-2025 09:12:22 Europe/Berlin] PHP Warning:  Undefined variable $conn in C:\xampp\htdocs\mapotek_php\WEB\API\auth\obat.php on line 40
[23-Oct-2025 09:12:22 Europe/Berlin] PHP Fatal error:  Uncaught Error: Call to a member function query() on null in C:\xampp\htdocs\mapotek_php\WEB\API\auth\obat.php:40
Stack trace:
#0 {main}
  thrown in C:\xampp\htdocs\mapotek_php\WEB\API\auth\obat.php on line 40
[23-Oct-2025 09:14:09 Europe/Berlin] PHP Warning:  Undefined variable $conn in C:\xampp\htdocs\mapotek_php\WEB\API\auth\obat.php on line 40
[23-Oct-2025 09:14:09 Europe/Berlin] PHP Fatal error:  Uncaught Error: Call to a member function query() on null in C:\xampp\htdocs\mapotek_php\WEB\API\auth\obat.php:40
Stack trace:
#0 {main}
  thrown in C:\xampp\htdocs\mapotek_php\WEB\API\auth\obat.php on line 40
[23-Oct-2025 09:16:34 Europe/Berlin] PHP Warning:  Undefined variable $conn in C:\xampp\htdocs\mapotek_php\WEB\API\auth\obat.php on line 40
[23-Oct-2025 09:16:34 Europe/Berlin] PHP Fatal error:  Uncaught Error: Call to a member function query() on null in C:\xampp\htdocs\mapotek_php\WEB\API\auth\obat.php:40
Stack trace:
#0 {main}
  thrown in C:\xampp\htdocs\mapotek_php\WEB\API\auth\obat.php on line 40
[23-Oct-2025 09:20:05 Europe/Berlin] Error in obat.php (supabase): supabase.php not found at: C:\xampp\htdocs\mapotek_php\WEB\API\auth/../../supabase.php
[23-Oct-2025 09:20:08 Europe/Berlin] Error in obat.php (supabase): supabase.php not found at: C:\xampp\htdocs\mapotek_php\WEB\API\auth/../../supabase.php
[23-Oct-2025 09:24:44 Europe/Berlin] obat.php error: No DB connection found. Ensure database.php defines $conn (mysqli) or $pdo (PDO).
[23-Oct-2025 09:28:26 Europe/Berlin] obat.php (supabase) error: supabase.php tidak ditemukan. Cek path: C:\xampp\htdocs\mapotek_php\WEB\API\auth/../../supabase.php, C:\xampp\htdocs\mapotek_php\WEB\API\auth/../supabase.php, C:\xampp\htdocs\mapotek_php\WEB\API\auth/supabase.php
[23-Oct-2025 09:28:40 Europe/Berlin] obat.php (supabase) error: supabase.php tidak ditemukan. Cek path: C:\xampp\htdocs\mapotek_php\WEB\API\auth/../../supabase.php, C:\xampp\htdocs\mapotek_php\WEB\API\auth/../supabase.php, C:\xampp\htdocs\mapotek_php\WEB\API\auth/supabase.php
[23-Oct-2025 09:30:19 Europe/Berlin] obat.php (supabase) error: supabase.php tidak ditemukan. Cek path: C:\xampp\htdocs\mapotek_php\WEB\API\auth/../supabase.php
[24-Oct-2025 03:42:03 Europe/Berlin] SUPABASE CURL ERROR: URL rejected: Malformed input to a URL function
[24-Oct-2025 03:44:51 Europe/Berlin] SUPABASE CURL ERROR: URL rejected: Malformed input to a URL function
[24-Oct-2025 03:45:39 Europe/Berlin] PHP Warning:  Undefined variable $select in C:\xampp\htdocs\mapotek_php\WEB\API\auth\obat.php on line 47
[24-Oct-2025 03:45:39 Europe/Berlin] SUPABASE CURL ERROR: URL rejected: Malformed input to a URL function
[24-Oct-2025 03:45:50 Europe/Berlin] SUPABASE CURL ERROR: URL rejected: Malformed input to a URL function
[24-Oct-2025 03:45:52 Europe/Berlin] SUPABASE CURL ERROR: URL rejected: Malformed input to a URL function
[24-Oct-2025 03:46:30 Europe/Berlin] SUPABASE CURL ERROR: URL rejected: Malformed input to a URL function
[24-Oct-2025 03:53:46 Europe/Berlin] SUPABASE CURL ERROR: URL rejected: Malformed input to a URL function
[28-Oct-2025 02:34:09 Europe/Berlin] SUPABASE CURL ERROR: Could not resolve host: brhaksondhloibpwtrdo.supabase.co
